  shader.vert
EXEC : warning : shader.vert:3: '#extension' : extension not supported: GL_KHR_vulkan_glsl
  
  shader.frag
  Drücken Sie eine beliebige Taste . . . 
  RenderingEngine.cpp
c:\users\flo\documents\renderingengine\renderingengine\renderingengine\renderingengine.cpp(190): warning C4018: '<': signed/unsigned mismatch
c:\users\flo\documents\renderingengine\renderingengine\renderingengine\renderingengine.cpp(200): warning C4018: '<': signed/unsigned mismatch
c:\users\flo\documents\renderingengine\renderingengine\renderingengine\renderingengine.cpp(282): warning C4018: '<': signed/unsigned mismatch
c:\users\flo\documents\renderingengine\renderingengine\renderingengine\renderingengine.cpp(298): warning C4018: '<': signed/unsigned mismatch
c:\users\flo\documents\renderingengine\renderingengine\renderingengine\renderingengine.cpp(329): warning C4018: '<': signed/unsigned mismatch
c:\users\flo\documents\renderingengine\renderingengine\renderingengine\renderingengine.cpp(408): warning C4018: '<': signed/unsigned mismatch
c:\users\flo\documents\renderingengine\renderingengine\renderingengine\renderingengine.cpp(530): warning C4244: '=': conversion from 'uint32_t' to 'float', possible loss of data
c:\users\flo\documents\renderingengine\renderingengine\renderingengine\renderingengine.cpp(531): warning C4244: '=': conversion from 'uint32_t' to 'float', possible loss of data
c:\users\flo\documents\renderingengine\renderingengine\renderingengine\renderingengine.cpp(854): warning C4244: '=': conversion from 'uint32_t' to 'float', possible loss of data
c:\users\flo\documents\renderingengine\renderingengine\renderingengine\renderingengine.cpp(855): warning C4244: '=': conversion from 'uint32_t' to 'float', possible loss of data
c:\users\flo\documents\renderingengine\renderingengine\renderingengine\renderingengine.cpp(907): warning C4018: '<': signed/unsigned mismatch
c:\users\flo\documents\renderingengine\renderingengine\renderingengine\renderingengine.cpp(936): warning C4018: '<': signed/unsigned mismatch
c:\users\flo\documents\renderingengine\renderingengine\renderingengine\renderingengine.cpp(1026): warning C4018: '<': signed/unsigned mismatch
c:\users\flo\documents\renderingengine\renderingengine\renderingengine\renderingengine.cpp(783): warning C4244: 'argument': conversion from 'VkDeviceSize' to '::size_t', possible loss of data
  c:\users\flo\documents\renderingengine\renderingengine\renderingengine\renderingengine.cpp(816): note: see reference to function template instantiation 'void createAndUploadBuffer<Vertex>(std::vector<Vertex,std::allocator<_Ty>>,VkBufferUsageFlags,VkBuffer &,VkDeviceMemory)' being compiled
          with
          [
              _Ty=Vertex
          ]
  Generating code
  16 of 489 functions ( 3.3%) were compiled, the rest were copied from previous compilation.
    2 functions were new in current compilation
    4 functions had inline decision re-evaluated but remain unchanged
  Finished generating code
  RenderingEngine.vcxproj -> C:\Users\Flo\Documents\RenderingEngine\RenderingEngine\Release\RenderingEngine.exe
